#! /usr/local/iverilog/bin/vvp
:ivl_version "11.0 (devel)" "(s20150603-642-g3bdb50da)";
:ivl_delay_selection "TYPICAL";
:vpi_time_precision + 0;
:vpi_module "system";
:vpi_module "vhdl_sys";
:vpi_module "vhdl_textio";
:vpi_module "v2005_math";
:vpi_module "va_math";
S_0000000000f7efd0 .scope module, "tb_X_XO" "tb_X_XO" 2 4;
 .timescale 0 0;
v0000000000ff3f70_0 .var "clk", 0 0;
S_0000000000f7f160 .scope module, "tb" "X_XO" 2 8, 3 11 0, S_0000000000f7efd0;
 .timescale 0 0;
    .port_info 0 /INPUT 1 "clock";
v0000000000ff2d30_0 .net "ALUInput", 3 0, v0000000000ff1110_0;  1 drivers
v0000000000ff2dd0_0 .var "ALUSrc", 0 0;
v0000000000ff2e70_0 .var "ALUop", 1 0;
v0000000000ff2f10_0 .var "Branch", 0 0;
v0000000000ff1070_0 .var "MemRead", 0 0;
v0000000000f90120_0 .var "MemToReg", 0 0;
v0000000000ff41f0_0 .var "MemWrite", 0 0;
v0000000000ff3930_0 .var "PC", 31 0;
v0000000000ff3ed0_0 .var "PCSrc", 0 0;
v0000000000ff52d0_0 .var "RegRead", 0 0;
v0000000000ff5230_0 .var "RegWrite", 0 0;
v0000000000ff5370_0 .net "aa", 0 0, v0000000000f901c0_0;  1 drivers
v0000000000ff4e70_0 .net "bd", 13 0, v0000000000f90300_0;  1 drivers
v0000000000ff40b0_0 .net "bi", 4 0, v0000000000f90940_0;  1 drivers
v0000000000ff4bf0_0 .net "bo", 4 0, v0000000000f906c0_0;  1 drivers
v0000000000ff5410_0 .net "clock", 0 0, v0000000000ff3f70_0;  1 drivers
v0000000000ff46f0_0 .net "ds", 63 0, v0000000000f90440_0;  1 drivers
v0000000000ff4010_0 .net "flag", 0 0, v0000000000ff1b10_0;  1 drivers
v0000000000ff4150_0 .net "instruction", 31 0, v0000000000f90c60_0;  1 drivers
v0000000000ff50f0_0 .net "li", 23 0, v0000000000f90580_0;  1 drivers
v0000000000ff4290_0 .net "lk", 0 0, v0000000000f90260_0;  1 drivers
v0000000000ff4fb0_0 .net "memory_read_data", 63 0, v0000000000ff1390_0;  1 drivers
v0000000000ff4dd0_0 .net "oe", 0 0, v0000000000f904e0_0;  1 drivers
v0000000000ff4d30_0 .net "po", 5 0, L_0000000000ff4330;  1 drivers
v0000000000ff55f0_0 .net "rc", 0 0, v0000000000f90da0_0;  1 drivers
v0000000000ff3e30_0 .net "rd", 4 0, v0000000000f90d00_0;  1 drivers
v0000000000ff3bb0_0 .net "rd_content", 63 0, v0000000000ff19d0_0;  1 drivers
v0000000000ff43d0_0 .net "rs", 4 0, v0000000000ff23d0_0;  1 drivers
v0000000000ff5690_0 .net "rs_content", 63 0, v0000000000ff1570_0;  1 drivers
v0000000000ff4f10_0 .net "rt", 4 0, v0000000000ff14d0_0;  1 drivers
v0000000000ff4790_0 .net "rt_content", 63 0, v0000000000ff2ab0_0;  1 drivers
v0000000000ff4a10_0 .net "si", 15 0, v0000000000ff2470_0;  1 drivers
v0000000000ff3a70_0 .net "write_data", 63 0, v0000000000ff1610_0;  1 drivers
v0000000000ff3cf0_0 .net "xods", 1 0, v0000000000ff1c50_0;  1 drivers
v0000000000ff5550_0 .net "xox", 9 0, v0000000000ff1250_0;  1 drivers
v0000000000ff54b0_0 .net "xoxo", 8 0, v0000000000ff17f0_0;  1 drivers
E_0000000000f8b0c0 .event posedge, v0000000000ff1930_0;
S_0000000000f670f0 .scope module, "p1" "read_instructions" 3 60, 4 4 0, S_0000000000f7f160;
 .timescale 0 0;
    .port_info 0 /OUTPUT 32 "instruction";
    .port_info 1 /INPUT 32 "program_counter";
v0000000000f90c60_0 .var "instruction", 31 0;
v0000000000f90b20 .array "instructions", 3 0, 31 0;
v0000000000f90800_0 .net "program_counter", 31 0, v0000000000ff3930_0;  1 drivers
E_0000000000f8b4c0 .event edge, v0000000000f90800_0;
S_0000000000f67280 .scope module, "p2" "parse_instruction" 3 61, 5 5 0, S_0000000000f7f160;
 .timescale 0 0;
    .port_info 0 /OUTPUT 6 "po";
    .port_info 1 /OUTPUT 5 "rs";
    .port_info 2 /OUTPUT 5 "rt";
    .port_info 3 /OUTPUT 5 "rd";
    .port_info 4 /OUTPUT 5 "bo";
    .port_info 5 /OUTPUT 5 "bi";
    .port_info 6 /OUTPUT 1 "aa";
    .port_info 7 /OUTPUT 1 "lk";
    .port_info 8 /OUTPUT 1 "rc";
    .port_info 9 /OUTPUT 1 "oe";
    .port_info 10 /OUTPUT 10 "xox";
    .port_info 11 /OUTPUT 9 "xoxo";
    .port_info 12 /OUTPUT 16 "si";
    .port_info 13 /OUTPUT 14 "bd";
    .port_info 14 /OUTPUT 64 "ds";
    .port_info 15 /OUTPUT 2 "xods";
    .port_info 16 /OUTPUT 24 "li";
    .port_info 17 /INPUT 32 "instruction";
    .port_info 18 /INPUT 32 "p_count";
v0000000000f901c0_0 .var "aa", 0 0;
v0000000000f90300_0 .var "bd", 13 0;
v0000000000f90940_0 .var "bi", 4 0;
v0000000000f906c0_0 .var "bo", 4 0;
v0000000000f90440_0 .var "ds", 63 0;
v0000000000f90760_0 .net "instruction", 31 0, v0000000000f90c60_0;  alias, 1 drivers
v0000000000f90580_0 .var "li", 23 0;
v0000000000f90260_0 .var "lk", 0 0;
v0000000000f904e0_0 .var "oe", 0 0;
v0000000000f90a80_0 .net "p_count", 31 0, v0000000000ff3930_0;  alias, 1 drivers
v0000000000f90620_0 .net "po", 5 0, L_0000000000ff4330;  alias, 1 drivers
v0000000000f90da0_0 .var "rc", 0 0;
v0000000000f90d00_0 .var "rd", 4 0;
v0000000000ff23d0_0 .var "rs", 4 0;
v0000000000ff14d0_0 .var "rt", 4 0;
v0000000000ff2470_0 .var "si", 15 0;
v0000000000ff1c50_0 .var "xods", 1 0;
v0000000000ff1250_0 .var "xox", 9 0;
v0000000000ff17f0_0 .var "xoxo", 8 0;
E_0000000000f8bd80 .event edge, v0000000000f90c60_0;
L_0000000000ff4330 .part v0000000000f90c60_0, 26, 6;
S_0000000000f5d6c0 .scope module, "p4" "ALU_Control" 3 63, 6 5 0, S_0000000000f7f160;
 .timescale 0 0;
    .port_info 0 /OUTPUT 4 "ALUInput";
    .port_info 1 /INPUT 2 "ALUop";
    .port_info 2 /INPUT 10 "xox";
    .port_info 3 /INPUT 9 "xoxo";
    .port_info 4 /INPUT 2 "xods";
v0000000000ff1110_0 .var "ALUInput", 3 0;
v0000000000ff12f0_0 .net "ALUop", 1 0, v0000000000ff2e70_0;  1 drivers
v0000000000ff1f70_0 .net "xods", 1 0, v0000000000ff1c50_0;  alias, 1 drivers
v0000000000ff11b0_0 .net "xox", 9 0, v0000000000ff1250_0;  alias, 1 drivers
v0000000000ff28d0_0 .net "xoxo", 8 0, v0000000000ff17f0_0;  alias, 1 drivers
E_0000000000f8b900 .event edge, v0000000000ff1c50_0, v0000000000ff17f0_0, v0000000000ff1250_0, v0000000000ff12f0_0;
S_0000000000f72390 .scope module, "p5" "ALU64bit" 3 64, 7 5 0, S_0000000000f7f160;
 .timescale 0 0;
    .port_info 0 /OUTPUT 64 "ALU_result";
    .port_info 1 /OUTPUT 1 "flag";
    .port_info 2 /INPUT 1 "ALUSrc";
    .port_info 3 /INPUT 4 "ALUInput";
    .port_info 4 /INPUT 64 "rs_content";
    .port_info 5 /INPUT 64 "rt_content";
    .port_info 6 /INPUT 64 "ds";
v0000000000ff2650_0 .net "ALUInput", 3 0, v0000000000ff1110_0;  alias, 1 drivers
v0000000000ff20b0_0 .net "ALUSrc", 0 0, v0000000000ff2dd0_0;  1 drivers
v0000000000ff1610_0 .var "ALU_result", 63 0;
v0000000000ff1bb0_0 .net "ds", 63 0, v0000000000f90440_0;  alias, 1 drivers
v0000000000ff1b10_0 .var "flag", 0 0;
v0000000000ff21f0_0 .net "rs_content", 63 0, v0000000000ff1570_0;  alias, 1 drivers
v0000000000ff2290_0 .net "rt_content", 63 0, v0000000000ff2ab0_0;  alias, 1 drivers
v0000000000ff1a70_0 .var/s "signed_rs", 63 0;
v0000000000ff2150_0 .var/s "signed_rt", 63 0;
E_0000000000f8b180 .event edge, v0000000000ff1110_0, v0000000000f90440_0, v0000000000ff2290_0, v0000000000ff21f0_0;
S_0000000000f72520 .scope module, "p6" "read_write_memory" 3 65, 8 3 0, S_0000000000f7f160;
 .timescale 0 0;
    .port_info 0 /OUTPUT 64 "read_data";
    .port_info 1 /INPUT 64 "address";
    .port_info 2 /INPUT 64 "write_data";
    .port_info 3 /INPUT 5 "rd";
    .port_info 4 /INPUT 6 "po";
    .port_info 5 /INPUT 1 "MemWrite";
    .port_info 6 /INPUT 1 "MemRead";
v0000000000ff1890_0 .net "MemRead", 0 0, v0000000000ff1070_0;  1 drivers
v0000000000ff2330_0 .net "MemWrite", 0 0, v0000000000ff41f0_0;  1 drivers
v0000000000ff2510_0 .net "address", 63 0, v0000000000ff1610_0;  alias, 1 drivers
v0000000000ff25b0 .array "data_mem", 31 0, 63 0;
v0000000000ff1cf0_0 .net "po", 5 0, L_0000000000ff4330;  alias, 1 drivers
v0000000000ff2830_0 .net "rd", 4 0, v0000000000f90d00_0;  alias, 1 drivers
v0000000000ff1390_0 .var "read_data", 63 0;
v0000000000ff1430_0 .net "write_data", 63 0, v0000000000ff19d0_0;  alias, 1 drivers
E_0000000000f8b9c0 .event edge, v0000000000ff1610_0;
E_0000000000f8b100 .event edge, v0000000000ff1430_0, v0000000000ff2330_0, v0000000000ff1610_0;
S_0000000000f569e0 .scope module, "p7" "read_write_registers" 3 66, 9 4 0, S_0000000000f7f160;
 .timescale 0 0;
    .port_info 0 /OUTPUT 64 "read_data_1";
    .port_info 1 /OUTPUT 64 "read_data_2";
    .port_info 2 /OUTPUT 64 "read_data_3";
    .port_info 3 /INPUT 64 "read_mem_data";
    .port_info 4 /INPUT 64 "write_data";
    .port_info 5 /INPUT 5 "rs";
    .port_info 6 /INPUT 5 "rt";
    .port_info 7 /INPUT 5 "rd";
    .port_info 8 /INPUT 5 "bo";
    .port_info 9 /INPUT 5 "bi";
    .port_info 10 /INPUT 6 "po";
    .port_info 11 /INPUT 1 "RegRead";
    .port_info 12 /INPUT 1 "RegWrite";
    .port_info 13 /INPUT 1 "MemToReg";
    .port_info 14 /INPUT 1 "clk";
v0000000000ff2970_0 .net "MemToReg", 0 0, v0000000000f90120_0;  1 drivers
v0000000000ff26f0_0 .net "RegRead", 0 0, v0000000000ff52d0_0;  1 drivers
v0000000000ff1d90_0 .net "RegWrite", 0 0, v0000000000ff5230_0;  1 drivers
v0000000000ff2790_0 .net "bi", 4 0, v0000000000f90940_0;  alias, 1 drivers
v0000000000ff16b0_0 .net "bo", 4 0, v0000000000f906c0_0;  alias, 1 drivers
v0000000000ff1930_0 .net "clk", 0 0, v0000000000ff3f70_0;  alias, 1 drivers
v0000000000ff1750_0 .net "po", 5 0, L_0000000000ff4330;  alias, 1 drivers
v0000000000ff1e30_0 .net "rd", 4 0, v0000000000f90d00_0;  alias, 1 drivers
v0000000000ff1570_0 .var "read_data_1", 63 0;
v0000000000ff2ab0_0 .var "read_data_2", 63 0;
v0000000000ff19d0_0 .var "read_data_3", 63 0;
v0000000000ff1ed0_0 .net "read_mem_data", 63 0, v0000000000ff1390_0;  alias, 1 drivers
v0000000000ff2010 .array "registers", 0 31, 63 0;
v0000000000ff2b50_0 .net "rs", 4 0, v0000000000ff23d0_0;  alias, 1 drivers
v0000000000ff2bf0_0 .net "rt", 4 0, v0000000000ff14d0_0;  alias, 1 drivers
v0000000000ff2c90_0 .net "write_data", 63 0, v0000000000ff1610_0;  alias, 1 drivers
E_0000000000f8b1c0 .event edge, v0000000000f90d00_0, v0000000000ff1610_0, v0000000000ff1390_0;
E_0000000000f8b200 .event edge, v0000000000f90d00_0, v0000000000ff14d0_0, v0000000000ff23d0_0;
    .scope S_0000000000f670f0;
T_0 ;
    %vpi_call 4 12 "$readmemb", "instructions.mem", v0000000000f90b20, 32'sb00000000000000000000000000000000, 32'sb00000000000000000000000000000011 {0 0 0};
    %end;
    .thread T_0;
    .scope S_0000000000f670f0;
T_1 ;
    %wait E_0000000000f8b4c0;
    %ix/getv 4, v0000000000f90800_0;
    %load/vec4a v0000000000f90b20, 4;
    %store/vec4 v0000000000f90c60_0, 0, 32;
    %vpi_call 4 17 "$display", "Instruction : %32b \012 PC : %32b\012", v0000000000f90c60_0, v0000000000f90800_0 {0 0 0};
    %jmp T_1;
    .thread T_1, $push;
    .scope S_0000000000f67280;
T_2 ;
    %wait E_0000000000f8bd80;
    %pushi/vec4 0, 0, 5;
    %store/vec4 v0000000000ff23d0_0, 0, 5;
    %pushi/vec4 0, 0, 5;
    %store/vec4 v0000000000ff14d0_0, 0, 5;
    %pushi/vec4 0, 0, 5;
    %store/vec4 v0000000000f90d00_0, 0, 5;
    %pushi/vec4 0, 0, 5;
    %store/vec4 v0000000000f906c0_0, 0, 5;
    %pushi/vec4 0, 0, 5;
    %store/vec4 v0000000000f90940_0, 0, 5;
    %pushi/vec4 0, 0, 1;
    %store/vec4 v0000000000f901c0_0, 0, 1;
    %pushi/vec4 0, 0, 1;
    %store/vec4 v0000000000f90260_0, 0, 1;
    %pushi/vec4 0, 0, 1;
    %store/vec4 v0000000000f90da0_0, 0, 1;
    %pushi/vec4 0, 0, 1;
    %store/vec4 v0000000000f904e0_0, 0, 1;
    %pushi/vec4 0, 0, 10;
    %store/vec4 v0000000000ff1250_0, 0, 10;
    %pushi/vec4 0, 0, 9;
    %store/vec4 v0000000000ff17f0_0, 0, 9;
    %pushi/vec4 0, 0, 16;
    %store/vec4 v0000000000ff2470_0, 0, 16;
    %pushi/vec4 0, 0, 14;
    %store/vec4 v0000000000f90300_0, 0, 14;
    %pushi/vec4 0, 0, 64;
    %store/vec4 v0000000000f90440_0, 0, 64;
    %pushi/vec4 0, 0, 2;
    %store/vec4 v0000000000ff1c50_0, 0, 2;
    %pushi/vec4 0, 0, 24;
    %store/vec4 v0000000000f90580_0, 0, 24;
    %load/vec4 v0000000000f90620_0;
    %pushi/vec4 31, 0, 6;
    %cmp/e;
    %flag_get/vec4 4;
    %load/vec4 v0000000000f90760_0;
    %parti/s 9, 1, 2;
    %pushi/vec4 266, 0, 9;
    %cmp/e;
    %flag_get/vec4 4;
    %load/vec4 v0000000000f90760_0;
    %parti/s 9, 1, 2;
    %pushi/vec4 40, 0, 9;
    %cmp/e;
    %flag_get/vec4 4;
    %or;
    %and;
    %flag_set/vec4 8;
    %jmp/0xz  T_2.0, 8;
    %load/vec4 v0000000000f90760_0;
    %parti/s 5, 21, 6;
    %store/vec4 v0000000000f90d00_0, 0, 5;
    %load/vec4 v0000000000f90760_0;
    %parti/s 5, 16, 6;
    %store/vec4 v0000000000ff23d0_0, 0, 5;
    %load/vec4 v0000000000f90760_0;
    %parti/s 5, 11, 5;
    %store/vec4 v0000000000ff14d0_0, 0, 5;
    %load/vec4 v0000000000f90760_0;
    %parti/s 1, 10, 5;
    %store/vec4 v0000000000f904e0_0, 0, 1;
    %load/vec4 v0000000000f90760_0;
    %parti/s 9, 1, 2;
    %store/vec4 v0000000000ff17f0_0, 0, 9;
    %load/vec4 v0000000000f90760_0;
    %parti/s 1, 0, 2;
    %store/vec4 v0000000000f90da0_0, 0, 1;
    %jmp T_2.1;
T_2.0 ;
    %load/vec4 v0000000000f90620_0;
    %cmpi/e 31, 0, 6;
    %jmp/0xz  T_2.2, 4;
    %load/vec4 v0000000000f90760_0;
    %parti/s 5, 21, 6;
    %store/vec4 v0000000000f90d00_0, 0, 5;
    %load/vec4 v0000000000f90760_0;
    %parti/s 5, 16, 6;
    %store/vec4 v0000000000ff23d0_0, 0, 5;
    %load/vec4 v0000000000f90760_0;
    %parti/s 5, 11, 5;
    %store/vec4 v0000000000ff14d0_0, 0, 5;
    %load/vec4 v0000000000f90760_0;
    %parti/s 10, 1, 2;
    %store/vec4 v0000000000ff1250_0, 0, 10;
    %load/vec4 v0000000000f90760_0;
    %parti/s 1, 0, 2;
    %store/vec4 v0000000000f90da0_0, 0, 1;
    %jmp T_2.3;
T_2.2 ;
    %load/vec4 v0000000000f90620_0;
    %cmpi/e 19, 0, 6;
    %jmp/0xz  T_2.4, 4;
    %load/vec4 v0000000000f90760_0;
    %parti/s 5, 21, 6;
    %store/vec4 v0000000000f906c0_0, 0, 5;
    %load/vec4 v0000000000f90760_0;
    %parti/s 5, 16, 6;
    %store/vec4 v0000000000f90940_0, 0, 5;
    %load/vec4 v0000000000f90760_0;
    %parti/s 14, 2, 3;
    %store/vec4 v0000000000f90300_0, 0, 14;
    %load/vec4 v0000000000f90760_0;
    %parti/s 1, 1, 2;
    %store/vec4 v0000000000f901c0_0, 0, 1;
    %load/vec4 v0000000000f90760_0;
    %parti/s 1, 0, 2;
    %store/vec4 v0000000000f90260_0, 0, 1;
    %jmp T_2.5;
T_2.4 ;
    %load/vec4 v0000000000f90620_0;
    %cmpi/e 18, 0, 6;
    %jmp/0xz  T_2.6, 4;
    %load/vec4 v0000000000f90760_0;
    %parti/s 24, 2, 3;
    %store/vec4 v0000000000f90580_0, 0, 24;
    %load/vec4 v0000000000f90760_0;
    %parti/s 1, 1, 2;
    %store/vec4 v0000000000f901c0_0, 0, 1;
    %load/vec4 v0000000000f90760_0;
    %parti/s 1, 0, 2;
    %store/vec4 v0000000000f90260_0, 0, 1;
    %jmp T_2.7;
T_2.6 ;
    %load/vec4 v0000000000f90760_0;
    %parti/s 5, 21, 6;
    %store/vec4 v0000000000f90d00_0, 0, 5;
    %load/vec4 v0000000000f90760_0;
    %parti/s 5, 16, 6;
    %store/vec4 v0000000000ff23d0_0, 0, 5;
    %load/vec4 v0000000000f90760_0;
    %parti/s 14, 2, 3;
    %pad/s 64;
    %store/vec4 v0000000000f90440_0, 0, 64;
    %load/vec4 v0000000000f90760_0;
    %parti/s 2, 0, 2;
    %store/vec4 v0000000000ff1c50_0, 0, 2;
T_2.7 ;
T_2.5 ;
T_2.3 ;
T_2.1 ;
    %jmp T_2;
    .thread T_2, $push;
    .scope S_0000000000f5d6c0;
T_3 ;
    %pushi/vec4 0, 0, 4;
    %store/vec4 v0000000000ff1110_0, 0, 4;
    %end;
    .thread T_3;
    .scope S_0000000000f5d6c0;
T_4 ;
    %wait E_0000000000f8b900;
    %pushi/vec4 0, 0, 4;
    %store/vec4 v0000000000ff1110_0, 0, 4;
    %load/vec4 v0000000000ff12f0_0;
    %cmpi/e 0, 0, 2;
    %jmp/0xz  T_4.0, 4;
    %pushi/vec4 2, 0, 4;
    %store/vec4 v0000000000ff1110_0, 0, 4;
    %jmp T_4.1;
T_4.0 ;
    %load/vec4 v0000000000ff12f0_0;
    %cmpi/e 1, 0, 2;
    %jmp/0xz  T_4.2, 4;
    %pushi/vec4 6, 0, 4;
    %store/vec4 v0000000000ff1110_0, 0, 4;
    %jmp T_4.3;
T_4.2 ;
    %load/vec4 v0000000000ff12f0_0;
    %cmpi/e 2, 0, 2;
    %jmp/0xz  T_4.4, 4;
    %load/vec4 v0000000000ff28d0_0;
    %cmpi/e 266, 0, 9;
    %jmp/0xz  T_4.6, 4;
    %pushi/vec4 2, 0, 4;
    %store/vec4 v0000000000ff1110_0, 0, 4;
T_4.6 ;
    %load/vec4 v0000000000ff28d0_0;
    %cmpi/e 40, 0, 9;
    %jmp/0xz  T_4.8, 4;
    %pushi/vec4 6, 0, 4;
    %store/vec4 v0000000000ff1110_0, 0, 4;
T_4.8 ;
    %load/vec4 v0000000000ff11b0_0;
    %cmpi/e 28, 0, 10;
    %jmp/0xz  T_4.10, 4;
    %pushi/vec4 0, 0, 4;
    %store/vec4 v0000000000ff1110_0, 0, 4;
T_4.10 ;
    %load/vec4 v0000000000ff11b0_0;
    %cmpi/e 444, 0, 10;
    %jmp/0xz  T_4.12, 4;
    %pushi/vec4 1, 0, 4;
    %store/vec4 v0000000000ff1110_0, 0, 4;
T_4.12 ;
T_4.4 ;
T_4.3 ;
T_4.1 ;
    %jmp T_4;
    .thread T_4, $push;
    .scope S_0000000000f72390;
T_5 ;
    %wait E_0000000000f8b180;
    %load/vec4 v0000000000ff21f0_0;
    %store/vec4 v0000000000ff1a70_0, 0, 64;
    %load/vec4 v0000000000ff20b0_0;
    %flag_set/vec4 8;
    %jmp/0xz  T_5.0, 8;
    %load/vec4 v0000000000ff1bb0_0;
    %store/vec4 v0000000000ff2150_0, 0, 64;
    %jmp T_5.1;
T_5.0 ;
    %load/vec4 v0000000000ff2290_0;
    %store/vec4 v0000000000ff2150_0, 0, 64;
T_5.1 ;
    %load/vec4 v0000000000ff2650_0;
    %dup/vec4;
    %pushi/vec4 2, 0, 4;
    %cmp/u;
    %jmp/1 T_5.2, 6;
    %dup/vec4;
    %pushi/vec4 6, 0, 4;
    %cmp/u;
    %jmp/1 T_5.3, 6;
    %dup/vec4;
    %pushi/vec4 0, 0, 4;
    %cmp/u;
    %jmp/1 T_5.4, 6;
    %dup/vec4;
    %pushi/vec4 1, 0, 4;
    %cmp/u;
    %jmp/1 T_5.5, 6;
    %dup/vec4;
    %pushi/vec4 12, 0, 4;
    %cmp/u;
    %jmp/1 T_5.6, 6;
    %dup/vec4;
    %pushi/vec4 7, 0, 4;
    %cmp/u;
    %jmp/1 T_5.7, 6;
    %jmp T_5.8;
T_5.2 ;
    %load/vec4 v0000000000ff1a70_0;
    %load/vec4 v0000000000ff2150_0;
    %add;
    %store/vec4 v0000000000ff1610_0, 0, 64;
    %jmp T_5.8;
T_5.3 ;
    %load/vec4 v0000000000ff1a70_0;
    %load/vec4 v0000000000ff2150_0;
    %sub;
    %store/vec4 v0000000000ff1610_0, 0, 64;
    %load/vec4 v0000000000ff1610_0;
    %cmpi/e 0, 0, 64;
    %jmp/0xz  T_5.9, 4;
    %pushi/vec4 1, 0, 1;
    %store/vec4 v0000000000ff1b10_0, 0, 1;
    %jmp T_5.10;
T_5.9 ;
    %pushi/vec4 0, 0, 1;
    %store/vec4 v0000000000ff1b10_0, 0, 1;
T_5.10 ;
    %jmp T_5.8;
T_5.4 ;
    %load/vec4 v0000000000ff21f0_0;
    %load/vec4 v0000000000ff2290_0;
    %and;
    %store/vec4 v0000000000ff1610_0, 0, 64;
    %jmp T_5.8;
T_5.5 ;
    %load/vec4 v0000000000ff21f0_0;
    %load/vec4 v0000000000ff2290_0;
    %or;
    %store/vec4 v0000000000ff1610_0, 0, 64;
    %jmp T_5.8;
T_5.6 ;
    %load/vec4 v0000000000ff21f0_0;
    %load/vec4 v0000000000ff2290_0;
    %or;
    %inv;
    %store/vec4 v0000000000ff1610_0, 0, 64;
    %jmp T_5.8;
T_5.7 ;
    %load/vec4 v0000000000ff1a70_0;
    %load/vec4 v0000000000ff2150_0;
    %cmp/s;
    %jmp/0xz  T_5.11, 5;
    %pushi/vec4 1, 0, 64;
    %store/vec4 v0000000000ff1610_0, 0, 64;
    %jmp T_5.12;
T_5.11 ;
    %pushi/vec4 0, 0, 64;
    %store/vec4 v0000000000ff1610_0, 0, 64;
T_5.12 ;
    %jmp T_5.8;
T_5.8 ;
    %pop/vec4 1;
    %jmp T_5;
    .thread T_5, $push;
    .scope S_0000000000f72390;
T_6 ;
    %vpi_call 7 177 "$monitor", "RS : %64b\012, RT/DS : %64b\012Flag : %1b\012 Result : %64b\012", v0000000000ff1a70_0, v0000000000ff2150_0, v0000000000ff1b10_0, v0000000000ff1610_0 {0 0 0};
    %end;
    .thread T_6;
    .scope S_0000000000f72520;
T_7 ;
    %wait E_0000000000f8b100;
    %load/vec4 v0000000000ff2330_0;
    %flag_set/vec4 8;
    %jmp/0xz  T_7.0, 8;
    %vpi_call 8 17 "$readmemb", "data.mem", v0000000000ff25b0, 32'sb00000000000000000000000000000000, 32'sb00000000000000000000000000011111 {0 0 0};
    %load/vec4 v0000000000ff1cf0_0;
    %cmpi/e 38, 0, 6;
    %jmp/0xz  T_7.2, 4;
    %pushi/vec4 0, 0, 56;
    %load/vec4 v0000000000ff1430_0;
    %parti/s 8, 0, 2;
    %concat/vec4; draw_concat_vec4
    %ix/getv 4, v0000000000ff2510_0;
    %store/vec4a v0000000000ff25b0, 4, 0;
    %jmp T_7.3;
T_7.2 ;
    %load/vec4 v0000000000ff1cf0_0;
    %cmpi/e 44, 0, 6;
    %jmp/0xz  T_7.4, 4;
    %pushi/vec4 0, 0, 48;
    %load/vec4 v0000000000ff1430_0;
    %parti/s 16, 0, 2;
    %concat/vec4; draw_concat_vec4
    %ix/getv 4, v0000000000ff2510_0;
    %store/vec4a v0000000000ff25b0, 4, 0;
    %jmp T_7.5;
T_7.4 ;
    %load/vec4 v0000000000ff1cf0_0;
    %cmpi/e 36, 0, 6;
    %jmp/0xz  T_7.6, 4;
    %pushi/vec4 0, 0, 32;
    %load/vec4 v0000000000ff1430_0;
    %parti/s 32, 0, 2;
    %concat/vec4; draw_concat_vec4
    %ix/getv 4, v0000000000ff2510_0;
    %store/vec4a v0000000000ff25b0, 4, 0;
    %jmp T_7.7;
T_7.6 ;
    %load/vec4 v0000000000ff1430_0;
    %ix/getv 4, v0000000000ff2510_0;
    %store/vec4a v0000000000ff25b0, 4, 0;
T_7.7 ;
T_7.5 ;
T_7.3 ;
    %vpi_call 8 34 "$writememb", "data.mem", v0000000000ff25b0 {0 0 0};
T_7.0 ;
    %jmp T_7;
    .thread T_7, $push;
    .scope S_0000000000f72520;
T_8 ;
    %wait E_0000000000f8b9c0;
    %vpi_call 8 40 "$readmemb", "data.mem", v0000000000ff25b0, 32'sb00000000000000000000000000000000, 32'sb00000000000000000000000000011111 {0 0 0};
    %load/vec4 v0000000000ff1890_0;
    %flag_set/vec4 8;
    %jmp/0xz  T_8.0, 8;
    %ix/getv 4, v0000000000ff2510_0;
    %load/vec4a v0000000000ff25b0, 4;
    %store/vec4 v0000000000ff1390_0, 0, 64;
T_8.0 ;
    %jmp T_8;
    .thread T_8, $push;
    .scope S_0000000000f569e0;
T_9 ;
    %wait E_0000000000f8b200;
    %load/vec4 v0000000000ff26f0_0;
    %flag_set/vec4 8;
    %jmp/0xz  T_9.0, 8;
    %vpi_call 9 21 "$readmemb", "registers.mem", v0000000000ff2010 {0 0 0};
    %load/vec4 v0000000000ff1750_0;
    %cmpi/e 19, 0, 6;
    %jmp/0xz  T_9.2, 4;
    %load/vec4 v0000000000ff16b0_0;
    %pad/u 7;
    %ix/vec4 4;
    %load/vec4a v0000000000ff2010, 4;
    %store/vec4 v0000000000ff1570_0, 0, 64;
    %load/vec4 v0000000000ff2790_0;
    %pad/u 7;
    %ix/vec4 4;
    %load/vec4a v0000000000ff2010, 4;
    %store/vec4 v0000000000ff2ab0_0, 0, 64;
    %jmp T_9.3;
T_9.2 ;
    %load/vec4 v0000000000ff1750_0;
    %cmpi/e 31, 0, 6;
    %jmp/0xz  T_9.4, 4;
    %load/vec4 v0000000000ff2b50_0;
    %pad/u 7;
    %ix/vec4 4;
    %load/vec4a v0000000000ff2010, 4;
    %store/vec4 v0000000000ff1570_0, 0, 64;
    %load/vec4 v0000000000ff2bf0_0;
    %pad/u 7;
    %ix/vec4 4;
    %load/vec4a v0000000000ff2010, 4;
    %store/vec4 v0000000000ff2ab0_0, 0, 64;
    %jmp T_9.5;
T_9.4 ;
    %load/vec4 v0000000000ff2b50_0;
    %pad/u 7;
    %ix/vec4 4;
    %load/vec4a v0000000000ff2010, 4;
    %store/vec4 v0000000000ff1570_0, 0, 64;
    %load/vec4 v0000000000ff1e30_0;
    %pad/u 7;
    %ix/vec4 4;
    %load/vec4a v0000000000ff2010, 4;
    %store/vec4 v0000000000ff19d0_0, 0, 64;
T_9.5 ;
T_9.3 ;
T_9.0 ;
    %jmp T_9;
    .thread T_9, $push;
    .scope S_0000000000f569e0;
T_10 ;
    %wait E_0000000000f8b1c0;
    %load/vec4 v0000000000ff1d90_0;
    %cmpi/e 1, 0, 1;
    %jmp/0xz  T_10.0, 4;
    %vpi_call 9 40 "$readmemb", "registers.mem", v0000000000ff2010 {0 0 0};
    %load/vec4 v0000000000ff2970_0;
    %cmpi/e 0, 0, 1;
    %jmp/0xz  T_10.2, 4;
    %load/vec4 v0000000000ff1750_0;
    %cmpi/e 34, 0, 6;
    %jmp/0xz  T_10.4, 4;
    %pushi/vec4 0, 0, 56;
    %load/vec4 v0000000000ff2c90_0;
    %parti/s 8, 0, 2;
    %concat/vec4; draw_concat_vec4
    %load/vec4 v0000000000ff1e30_0;
    %pad/u 7;
    %ix/vec4 4;
    %store/vec4a v0000000000ff2010, 4, 0;
    %jmp T_10.5;
T_10.4 ;
    %load/vec4 v0000000000ff1750_0;
    %cmpi/e 40, 0, 6;
    %jmp/0xz  T_10.6, 4;
    %pushi/vec4 0, 0, 48;
    %load/vec4 v0000000000ff2c90_0;
    %parti/s 16, 0, 2;
    %concat/vec4; draw_concat_vec4
    %load/vec4 v0000000000ff1e30_0;
    %pad/u 7;
    %ix/vec4 4;
    %store/vec4a v0000000000ff2010, 4, 0;
    %jmp T_10.7;
T_10.6 ;
    %load/vec4 v0000000000ff1750_0;
    %cmpi/e 42, 0, 6;
    %jmp/0xz  T_10.8, 4;
    %load/vec4 v0000000000ff2c90_0;
    %parti/s 1, 15, 5;
    %replicate 48;
    %load/vec4 v0000000000ff2c90_0;
    %parti/s 16, 0, 2;
    %concat/vec4; draw_concat_vec4
    %load/vec4 v0000000000ff1e30_0;
    %pad/u 7;
    %ix/vec4 4;
    %store/vec4a v0000000000ff2010, 4, 0;
    %jmp T_10.9;
T_10.8 ;
    %load/vec4 v0000000000ff1750_0;
    %cmpi/e 32, 0, 6;
    %jmp/0xz  T_10.10, 4;
    %pushi/vec4 0, 0, 32;
    %load/vec4 v0000000000ff2c90_0;
    %parti/s 32, 0, 2;
    %concat/vec4; draw_concat_vec4
    %load/vec4 v0000000000ff1e30_0;
    %pad/u 7;
    %ix/vec4 4;
    %store/vec4a v0000000000ff2010, 4, 0;
    %jmp T_10.11;
T_10.10 ;
    %load/vec4 v0000000000ff2c90_0;
    %load/vec4 v0000000000ff1e30_0;
    %pad/u 7;
    %ix/vec4 4;
    %store/vec4a v0000000000ff2010, 4, 0;
T_10.11 ;
T_10.9 ;
T_10.7 ;
T_10.5 ;
    %jmp T_10.3;
T_10.2 ;
    %load/vec4 v0000000000ff1750_0;
    %cmpi/e 34, 0, 6;
    %jmp/0xz  T_10.12, 4;
    %pushi/vec4 0, 0, 56;
    %load/vec4 v0000000000ff1ed0_0;
    %parti/s 8, 0, 2;
    %concat/vec4; draw_concat_vec4
    %load/vec4 v0000000000ff1e30_0;
    %pad/u 7;
    %ix/vec4 4;
    %store/vec4a v0000000000ff2010, 4, 0;
    %jmp T_10.13;
T_10.12 ;
    %load/vec4 v0000000000ff1750_0;
    %cmpi/e 40, 0, 6;
    %jmp/0xz  T_10.14, 4;
    %pushi/vec4 0, 0, 48;
    %load/vec4 v0000000000ff1ed0_0;
    %parti/s 16, 0, 2;
    %concat/vec4; draw_concat_vec4
    %load/vec4 v0000000000ff1e30_0;
    %pad/u 7;
    %ix/vec4 4;
    %store/vec4a v0000000000ff2010, 4, 0;
    %jmp T_10.15;
T_10.14 ;
    %load/vec4 v0000000000ff1750_0;
    %cmpi/e 42, 0, 6;
    %jmp/0xz  T_10.16, 4;
    %load/vec4 v0000000000ff1ed0_0;
    %parti/s 1, 15, 5;
    %replicate 48;
    %load/vec4 v0000000000ff1ed0_0;
    %parti/s 16, 0, 2;
    %concat/vec4; draw_concat_vec4
    %load/vec4 v0000000000ff1e30_0;
    %pad/u 7;
    %ix/vec4 4;
    %store/vec4a v0000000000ff2010, 4, 0;
    %jmp T_10.17;
T_10.16 ;
    %load/vec4 v0000000000ff1750_0;
    %cmpi/e 32, 0, 6;
    %jmp/0xz  T_10.18, 4;
    %pushi/vec4 0, 0, 32;
    %load/vec4 v0000000000ff1ed0_0;
    %parti/s 32, 0, 2;
    %concat/vec4; draw_concat_vec4
    %load/vec4 v0000000000ff1e30_0;
    %pad/u 7;
    %ix/vec4 4;
    %store/vec4a v0000000000ff2010, 4, 0;
    %jmp T_10.19;
T_10.18 ;
    %load/vec4 v0000000000ff1ed0_0;
    %load/vec4 v0000000000ff1e30_0;
    %pad/u 7;
    %ix/vec4 4;
    %store/vec4a v0000000000ff2010, 4, 0;
T_10.19 ;
T_10.17 ;
T_10.15 ;
T_10.13 ;
T_10.3 ;
    %vpi_call 9 77 "$writememb", "registers.mem", v0000000000ff2010 {0 0 0};
T_10.0 ;
    %jmp T_10;
    .thread T_10, $push;
    .scope S_0000000000f7f160;
T_11 ;
    %pushi/vec4 0, 0, 32;
    %store/vec4 v0000000000ff3930_0, 0, 32;
    %end;
    .thread T_11;
    .scope S_0000000000f7f160;
T_12 ;
    %pushi/vec4 0, 0, 1;
    %store/vec4 v0000000000ff1070_0, 0, 1;
    %pushi/vec4 0, 0, 1;
    %store/vec4 v0000000000ff41f0_0, 0, 1;
    %pushi/vec4 1, 0, 1;
    %store/vec4 v0000000000ff5230_0, 0, 1;
    %pushi/vec4 1, 0, 1;
    %store/vec4 v0000000000ff52d0_0, 0, 1;
    %pushi/vec4 0, 0, 1;
    %store/vec4 v0000000000ff2f10_0, 0, 1;
    %pushi/vec4 0, 0, 1;
    %store/vec4 v0000000000ff2dd0_0, 0, 1;
    %pushi/vec4 0, 0, 1;
    %store/vec4 v0000000000ff3ed0_0, 0, 1;
    %pushi/vec4 0, 0, 1;
    %store/vec4 v0000000000f90120_0, 0, 1;
    %pushi/vec4 2, 0, 2;
    %store/vec4 v0000000000ff2e70_0, 0, 2;
    %end;
    .thread T_12;
    .scope S_0000000000f7f160;
T_13 ;
    %wait E_0000000000f8b0c0;
    %load/vec4 v0000000000ff4010_0;
    %pad/u 32;
    %pushi/vec4 1, 0, 32;
    %cmp/e;
    %flag_get/vec4 4;
    %load/vec4 v0000000000ff2f10_0;
    %pad/u 32;
    %pushi/vec4 1, 0, 32;
    %cmp/e;
    %flag_get/vec4 4;
    %and;
    %load/vec4 v0000000000ff5370_0;
    %pad/u 32;
    %pushi/vec4 0, 0, 32;
    %cmp/e;
    %flag_get/vec4 4;
    %and;
    %load/vec4 v0000000000ff4d30_0;
    %pushi/vec4 19, 0, 6;
    %cmp/e;
    %flag_get/vec4 4;
    %and;
    %flag_set/vec4 8;
    %jmp/0xz  T_13.0, 8;
    %load/vec4 v0000000000ff3930_0;
    %addi 1, 0, 32;
    %load/vec4 v0000000000ff4e70_0;
    %pad/u 32;
    %add;
    %store/vec4 v0000000000ff3930_0, 0, 32;
    %jmp T_13.1;
T_13.0 ;
    %load/vec4 v0000000000ff4010_0;
    %pad/u 32;
    %pushi/vec4 1, 0, 32;
    %cmp/e;
    %flag_get/vec4 4;
    %load/vec4 v0000000000ff2f10_0;
    %pad/u 32;
    %pushi/vec4 1, 0, 32;
    %cmp/e;
    %flag_get/vec4 4;
    %and;
    %load/vec4 v0000000000ff5370_0;
    %pad/u 32;
    %pushi/vec4 1, 0, 32;
    %cmp/e;
    %flag_get/vec4 4;
    %and;
    %load/vec4 v0000000000ff4d30_0;
    %pushi/vec4 19, 0, 6;
    %cmp/e;
    %flag_get/vec4 4;
    %and;
    %flag_set/vec4 8;
    %jmp/0xz  T_13.2, 8;
    %load/vec4 v0000000000ff4e70_0;
    %pad/s 32;
    %store/vec4 v0000000000ff3930_0, 0, 32;
    %jmp T_13.3;
T_13.2 ;
    %load/vec4 v0000000000ff2f10_0;
    %pad/u 32;
    %pushi/vec4 1, 0, 32;
    %cmp/e;
    %flag_get/vec4 4;
    %load/vec4 v0000000000ff5370_0;
    %pad/u 32;
    %pushi/vec4 1, 0, 32;
    %cmp/e;
    %flag_get/vec4 4;
    %and;
    %load/vec4 v0000000000ff4d30_0;
    %pushi/vec4 18, 0, 6;
    %cmp/e;
    %flag_get/vec4 4;
    %and;
    %flag_set/vec4 8;
    %jmp/0xz  T_13.4, 8;
    %load/vec4 v0000000000ff50f0_0;
    %pad/s 32;
    %store/vec4 v0000000000ff3930_0, 0, 32;
    %jmp T_13.5;
T_13.4 ;
    %load/vec4 v0000000000ff2f10_0;
    %pad/u 32;
    %pushi/vec4 1, 0, 32;
    %cmp/e;
    %flag_get/vec4 4;
    %load/vec4 v0000000000ff5370_0;
    %pad/u 32;
    %pushi/vec4 0, 0, 32;
    %cmp/e;
    %flag_get/vec4 4;
    %and;
    %load/vec4 v0000000000ff4d30_0;
    %pushi/vec4 18, 0, 6;
    %cmp/e;
    %flag_get/vec4 4;
    %and;
    %flag_set/vec4 8;
    %jmp/0xz  T_13.6, 8;
    %load/vec4 v0000000000ff3930_0;
    %addi 1, 0, 32;
    %load/vec4 v0000000000ff50f0_0;
    %pad/u 32;
    %add;
    %store/vec4 v0000000000ff3930_0, 0, 32;
    %jmp T_13.7;
T_13.6 ;
    %load/vec4 v0000000000ff3930_0;
    %addi 1, 0, 32;
    %store/vec4 v0000000000ff3930_0, 0, 32;
T_13.7 ;
T_13.5 ;
T_13.3 ;
T_13.1 ;
    %jmp T_13;
    .thread T_13;
    .scope S_0000000000f7efd0;
T_14 ;
    %pushi/vec4 0, 0, 1;
    %store/vec4 v0000000000ff3f70_0, 0, 1;
    %delay 69, 0;
    %vpi_call 2 13 "$finish" {0 0 0};
    %end;
    .thread T_14;
    .scope S_0000000000f7efd0;
T_15 ;
    %vpi_call 2 18 "$dumpfile", "x_xo.vcd" {0 0 0};
    %vpi_call 2 19 "$dumpvars", 32'sb00000000000000000000000000000000, S_0000000000f7efd0 {0 0 0};
    %end;
    .thread T_15;
    .scope S_0000000000f7efd0;
T_16 ;
    %delay 10, 0;
    %load/vec4 v0000000000ff3f70_0;
    %inv;
    %store/vec4 v0000000000ff3f70_0, 0, 1;
    %jmp T_16;
    .thread T_16;
# The file index is used to find the file name in the following table.
:file_names 10;
    "N/A";
    "<interactive>";
    "X_XO_tb.v";
    "./X_XO_type.v";
    "./Instruction_read.v";
    "./../Module 3 - Instruction Fetch/parse_instruction.v";
    "./../Module 2 - ALU Control/uPowerALUControl.v";
    "./../Module 1 - ALU/ALU64Bit.v";
    "./Memory_read_write.v";
    "./Register_read_write.v";
